#
# A fatal error has been detected by the Java Runtime Environment:
#
#  EXCEPTION_ACCESS_VIOLATION (0xc0000005) at pc=0x00007ffd93af2b51, pid=14464, tid=12396
#
# JRE version: OpenJDK Runtime Environment JBR-17.0.10+8-1207.12-jcef (17.0.10+8) (build 17.0.10+8-b1207.12)
# Java VM: OpenJDK 64-Bit Server VM JBR-17.0.10+8-1207.12-jcef (17.0.10+8-b1207.12, mixed mode, tiered, compressed oops, compressed class ptrs, g1 gc, windows-amd64)
# Problematic frame:
# V  [jvm.dll+0x12b51]
#
# No core dump will be written. Minidumps are not enabled by default on client versions of Windows
#
# If you would like to submit a bug report, please visit:
#   https://youtrack.jetbrains.com/issues/JBR
#

---------------  S U M M A R Y ------------

Command Line: -Djava.rmi.server.hostname=127.0.0.1 -Duser.timezone=UTC -Xmx2048m -Xms128m -Djdbc.classpath=C:\Program Files\JetBrains\IntelliJ IDEA 2023.3.6\plugins\DatabaseTools\lib\jdbc-console.jar;C:\Users\Aku-1\AppData\Roaming\JetBrains\IntelliJIdea2024.1\jdbc-drivers\MySQL ConnectorJ\8.2.0\com\mysql\mysql-connector-j\8.2.0\mysql-connector-j-8.2.0.jar;C:\Users\Aku-1\AppData\Roaming\JetBrains\IntelliJIdea2024.1\jdbc-drivers\MySQL ConnectorJ\8.2.0\com\google\protobuf\protobuf-java\3.21.9\protobuf-java-3.21.9.jar --add-exports=java.desktop/sun.awt=ALL-UNNAMED --add-exports=java.desktop/java.awt.peer=ALL-UNNAMED --add-opens=java.desktop/java.awt=ALL-UNNAMED --add-opens=jdk.unsupported/sun.misc=ALL-UNNAMED --add-opens=java.base/java.nio=ALL-UNNAMED --add-opens=java.base/java.util=ALL-UNNAMED -Dfile.encoding=UTF-8 com.intellij.database.remote.RemoteJdbcServer com.mysql.cj.jdbc.Driver

Host: 13th Gen Intel(R) Core(TM) i7-13620H, 16 cores, 15G,  Windows 11 , 64 bit Build 22621 (10.0.22621.3374)
Time: Mon May 13 17:10:12 2024 Romance Summer Time elapsed time: 3295.863383 seconds (0d 0h 54m 55s)

---------------  T H R E A D  ---------------

Current thread (0x000001f8cc964fc0):  JavaThread "C2 CompilerThread0" daemon [_thread_in_native, id=12396, stack(0x0000005c46300000,0x0000005c46400000)]


Current CompileTask:
C2:3295863 3421       4       java.lang.Class::reflectionData (43 bytes)

Stack: [0x0000005c46300000,0x0000005c46400000],  sp=0x0000005c463fb3a0,  free space=1004k
Native frames: (J=compiled Java code, j=interpreted, Vv=VM code, C=native code)
V  [jvm.dll+0x12b51]
V  [jvm.dll+0x803496]
V  [jvm.dll+0x2a68db]
V  [jvm.dll+0x2a6654]
V  [jvm.dll+0x803790]
V  [jvm.dll+0x6ad259]
V  [jvm.dll+0x5af4af]
V  [jvm.dll+0x112f6d]
V  [jvm.dll+0x5a88d0]
V  [jvm.dll+0x5ab2f6]
V  [jvm.dll+0x21d87a]
V  [jvm.dll+0x21ab91]
V  [jvm.dll+0x1a602d]
V  [jvm.dll+0x22ac2e]
V  [jvm.dll+0x228db5]
V  [jvm.dll+0x7f5417]
V  [jvm.dll+0x7ef81a]
V  [jvm.dll+0x686805]
C  [ucrtbase.dll+0x29333]
C  [KERNEL32.DLL+0x1257d]
C  [ntdll.dll+0x5aa48]


siginfo: EXCEPTION_ACCESS_VIOLATION (0xc0000005), reading address 0x0000010100000019


Registers:
RAX=0x0000010100000001, RBX=0x0000000000000000, RCX=0x000001f8cc98ff70, RDX=0x000001f8d17f2580
RSP=0x0000005c463fb3a0, RBP=0x0000000000000000, RSI=0x0000000000000000, RDI=0x000001f8cc98ff70
R8 =0x000001f8d17f2580, R9 =0x0000000000000008, R10=0x0000000000000001, R11=0x000001f8d17f38c8
R12=0x0000000000000099, R13=0x000001f8d1d96480, R14=0x0000000000000010, R15=0x000001f8d1d723d0
RIP=0x00007ffd93af2b51, EFLAGS=0x0000000000010246


Register to memory mapping:

RIP=0x00007ffd93af2b51 jvm.dll
RAX=0x0000010100000001 is an unknown value
RBX=0x0 is NULL
RCX=0x000001f8cc98ff70 points into unknown readable memory: 0x00007ffd9441eeb0 | b0 ee 41 94 fd 7f 00 00
RDX=0x000001f8d17f2580 points into unknown readable memory: 0x000001f8d17e98e0 | e0 98 7e d1 f8 01 00 00
RSP=0x0000005c463fb3a0 is pointing into the stack for thread: 0x000001f8cc964fc0
RBP=0x0 is NULL
RSI=0x0 is NULL
RDI=0x000001f8cc98ff70 points into unknown readable memory: 0x00007ffd9441eeb0 | b0 ee 41 94 fd 7f 00 00
R8 =0x000001f8d17f2580 points into unknown readable memory: 0x000001f8d17e98e0 | e0 98 7e d1 f8 01 00 00
R9 =0x0000000000000008 is an unknown value
R10=0x0000000000000001 is an unknown value
R11=0x000001f8d17f38c8 points into unknown readable memory: 0x00007ffd944b91a8 | a8 91 4b 94 fd 7f 00 00
R12=0x0000000000000099 is an unknown value
R13=0x000001f8d1d96480 points into unknown readable memory: 0x000000100000000e | 0e 00 00 00 10 00 00 00
R14=0x0000000000000010 is an unknown value
R15=0x000001f8d1d723d0 points into unknown readable memory: 0x0000005c463fec20 | 20 ec 3f 46 5c 00 00 00


Top of Stack: (sp=0x0000005c463fb3a0)
0x0000005c463fb3a0:   000001f8d17eff18 0000005c463fec20
0x0000005c463fb3b0:   0000000000004000 0000000000007fd8
0x0000005c463fb3c0:   000001f8d17f2de0 00007ffd942e3496
0x0000005c463fb3d0:   0000000080000001 000001f8d17ec068
0x0000005c463fb3e0:   0000000000000000 00007ffd942e27ef
0x0000005c463fb3f0:   000001f8d1d98e10 00007ffd93d868db
0x0000005c463fb400:   0000000000000001 000001f8d17f2de0
0x0000005c463fb410:   0000000000000002 0000000000000005
0x0000005c463fb420:   000001f800000000 00007ffd942e275a
0x0000005c463fb430:   0000000000000000 0000000000000005
0x0000005c463fb440:   000001f8d1d723d0 000001f8d17effa0
0x0000005c463fb450:   000001f8d17effa0 0000000000000214
0x0000005c463fb460:   000001f8d17f4f98 00007ffd93d86654
0x0000005c463fb470:   000001f800000001 000001f800000200
0x0000005c463fb480:   0000000000000990 0000000000000008
0x0000005c463fb490:   000001f8d17f4e68 000001f8d1d723d0
0x0000005c463fb4a0:   0000000000000020 0000000000000050
0x0000005c463fb4b0:   000001f8cc9e8a68 0000005c463fb7c0
0x0000005c463fb4c0:   0000000000000108 00007ffd942e3790
0x0000005c463fb4d0:   000001f8d17effa0 000001f8d1d723d0
0x0000005c463fb4e0:   000001f8cc7837a0 000001f8d26aac58
0x0000005c463fb4f0:   0000005c463fb5c8 0000005c463fb5d0
0x0000005c463fb500:   0000000000000108 00007ffd9418d259
0x0000005c463fb510:   00007ffd9449d688 0000000000000110
0x0000005c463fb520:   0000005c463fb950 0000005c463fb950
0x0000005c463fb530:   000001f8d26aac58 00007ffd9408f4af
0x0000005c463fb540:   000001f8d1d71888 0000005c463fb5f0
0x0000005c463fb550:   0000005c463fb7c0 00007ffd942e93b3
0x0000005c463fb560:   000001f8cc9e89e0 0000000000000050
0x0000005c463fb570:   0000000000000000 00007ffd93bf2f6d
0x0000005c463fb580:   0000000000000000 000001f8cc9e89e0
0x0000005c463fb590:   0000005c463fb7c0 000001f8d26aab78 

Instructions: (pc=0x00007ffd93af2b51)
0x00007ffd93af2a51:   2b fd ff ff 03 d8 48 8b cf 48 8b 07 ff 90 10 01
0x00007ffd93af2a61:   00 00 8d 48 ff f7 d8 03 cb 23 c1 2b c3 48 8b 5c
0x00007ffd93af2a71:   24 30 48 83 c4 20 5f c3 cc cc cc cc cc cc cc 48
0x00007ffd93af2a81:   89 5c 24 10 56 48 83 ec 30 f7 41 30 00 00 01 00
0x00007ffd93af2a91:   48 8b d9 48 63 f2 74 7c 65 48 8b 04 25 58 00 00
0x00007ffd93af2aa1:   00 44 8b 05 cf f9 bc 00 48 89 7c 24 40 4a 8b 3c
0x00007ffd93af2ab1:   c0 b8 50 00 00 00 80 3c 38 00 75 05 e8 06 a1 88
0x00007ffd93af2ac1:   00 b8 20 00 00 00 48 8b 04 38 48 8b 88 e0 04 00
0x00007ffd93af2ad1:   00 48 8b 91 80 00 00 00 48 8b ce 48 8b 82 e0 08
0x00007ffd93af2ae1:   00 00 4c 8b 80 88 02 00 00 44 8b 88 90 02 00 00
0x00007ffd93af2af1:   48 8b 82 60 08 00 00 48 8b d3 48 89 44 24 20 e8
0x00007ffd93af2b01:   eb 2d 19 00 48 8b 7c 24 40 48 8b 5c 24 48 48 83
0x00007ffd93af2b11:   c4 30 5e c3 48 8b 5c 24 48 33 c0 48 83 c4 30 5e
0x00007ffd93af2b21:   c3 cc cc cc cc cc cc cc cc cc cc cc cc cc cc 8b
0x00007ffd93af2b31:   41 08 c3 cc cc cc cc cc cc cc cc cc cc cc cc 40
0x00007ffd93af2b41:   53 48 83 ec 20 65 48 8b 04 25 58 00 00 00 8b 0d
0x00007ffd93af2b51:   23 f9 bc 00 48 8b 1c c8 b8 50 00 00 00 80 3c 18
0x00007ffd93af2b61:   00 75 05 e8 5f a0 88 00 b8 20 00 00 00 48 8b 04
0x00007ffd93af2b71:   18 48 8b 80 e0 04 00 00 48 8b 80 80 00 00 00 48
0x00007ffd93af2b81:   83 c4 20 5b c3 cc cc cc cc cc cc cc cc cc cc 40
0x00007ffd93af2b91:   53 48 83 ec 20 65 48 8b 04 25 58 00 00 00 8b 0d
0x00007ffd93af2ba1:   d3 f8 bc 00 48 8b 1c c8 b8 50 00 00 00 80 3c 18
0x00007ffd93af2bb1:   00 75 05 e8 0f a0 88 00 b8 20 00 00 00 48 8b 04
0x00007ffd93af2bc1:   18 48 8b 80 e0 04 00 00 48 83 c4 20 5b c3 cc 48
0x00007ffd93af2bd1:   8b 05 71 ac b9 00 c3 cc cc cc cc cc cc cc cc 0f
0x00007ffd93af2be1:   10 05 19 0e b1 00 48 8b c1 0f 10 0d 1f 0e b1 00
0x00007ffd93af2bf1:   0f 11 01 0f 10 05 25 0e b1 00 0f 11 49 10 0f 10
0x00007ffd93af2c01:   0d 2a 0e b1 00 0f 11 41 20 0f 10 05 2f 0e b1 00
0x00007ffd93af2c11:   0f 11 49 30 0f 10 0d 34 0e b1 00 0f 11 41 40 0f
0x00007ffd93af2c21:   11 49 50 c3 cc cc cc cc cc cc cc cc cc cc cc 0f
0x00007ffd93af2c31:   10 05 a9 0c b1 00 48 8b c1 0f 10 0d af 0c b1 00
0x00007ffd93af2c41:   0f 11 01 0f 10 05 b5 0c b1 00 0f 11 49 10 0f 10 


Stack slot to memory mapping:
stack at sp + 0 slots: 0x000001f8d17eff18 points into unknown readable memory: 0x000001f8cc9c0fb0 | b0 0f 9c cc f8 01 00 00
stack at sp + 1 slots: 0x0000005c463fec20 is pointing into the stack for thread: 0x000001f8cc964fc0
stack at sp + 2 slots: 0x0000000000004000 is an unknown value
stack at sp + 3 slots: 0x0000000000007fd8 is an unknown value
stack at sp + 4 slots: 0x000001f8d17f2de0 points into unknown readable memory: 0x00007ffd944b9a28 | 28 9a 4b 94 fd 7f 00 00
stack at sp + 5 slots: 0x00007ffd942e3496 jvm.dll
stack at sp + 6 slots: 0x0000000080000001 is pointing into object: [B 
{0x0000000080000000} - klass: {type array byte}
 - length: 2159525
stack at sp + 7 slots: 0x000001f8d17ec068 points into unknown readable memory: 0x00007ffd944b9ee8 | e8 9e 4b 94 fd 7f 00 00


---------------  P R O C E S S  ---------------

Threads class SMR info:
_java_thread_list=0x000001f8d2638f40, length=21, elements={
0x000001f8b1b3e390, 0x000001f8cc947260, 0x000001f8cc9480e0, 0x000001f8cc933820,
0x000001f8cc961030, 0x000001f8cc961900, 0x000001f8cc9642d0, 0x000001f8cc964fc0,
0x000001f8cc965a70, 0x000001f8cc970490, 0x000001f8ccafc7c0, 0x000001f8ccb05680,
0x000001f8ccc956c0, 0x000001f8d12184c0, 0x000001f8d11ae8c0, 0x000001f8ccc20890,
0x000001f8ccc20d70, 0x000001f8d1212930, 0x000001f8d146e630, 0x000001f8d146e120,
0x000001f8d146dc10
}

Java Threads: ( => current thread )
  0x000001f8b1b3e390 JavaThread "main" [_thread_blocked, id=23976, stack(0x0000005c45600000,0x0000005c45700000)]
  0x000001f8cc947260 JavaThread "Reference Handler" daemon [_thread_blocked, id=3844, stack(0x0000005c45d00000,0x0000005c45e00000)]
  0x000001f8cc9480e0 JavaThread "Finalizer" daemon [_thread_blocked, id=2256, stack(0x0000005c45e00000,0x0000005c45f00000)]
  0x000001f8cc933820 JavaThread "Signal Dispatcher" daemon [_thread_blocked, id=7260, stack(0x0000005c45f00000,0x0000005c46000000)]
  0x000001f8cc961030 JavaThread "Attach Listener" daemon [_thread_blocked, id=24528, stack(0x0000005c46000000,0x0000005c46100000)]
  0x000001f8cc961900 JavaThread "Service Thread" daemon [_thread_blocked, id=12124, stack(0x0000005c46100000,0x0000005c46200000)]
  0x000001f8cc9642d0 JavaThread "Monitor Deflation Thread" daemon [_thread_blocked, id=22076, stack(0x0000005c46200000,0x0000005c46300000)]
=>0x000001f8cc964fc0 JavaThread "C2 CompilerThread0" daemon [_thread_in_native, id=12396, stack(0x0000005c46300000,0x0000005c46400000)]
  0x000001f8cc965a70 JavaThread "C1 CompilerThread0" daemon [_thread_blocked, id=9552, stack(0x0000005c46400000,0x0000005c46500000)]
  0x000001f8cc970490 JavaThread "Sweeper thread" daemon [_thread_blocked, id=24228, stack(0x0000005c46500000,0x0000005c46600000)]
  0x000001f8ccafc7c0 JavaThread "Common-Cleaner" daemon [_thread_blocked, id=6312, stack(0x0000005c46800000,0x0000005c46900000)]
  0x000001f8ccb05680 JavaThread "Notification Thread" daemon [_thread_blocked, id=13176, stack(0x0000005c46900000,0x0000005c46a00000)]
  0x000001f8ccc956c0 JavaThread "mysql-cj-abandoned-connection-cleanup" daemon [_thread_blocked, id=21596, stack(0x0000005c46c00000,0x0000005c46d00000)]
  0x000001f8d12184c0 JavaThread "RMI TCP Accept-14181" daemon [_thread_in_native, id=21800, stack(0x0000005c46d00000,0x0000005c46e00000)]
  0x000001f8d11ae8c0 JavaThread "RMI TCP Accept-0" daemon [_thread_in_native, id=14008, stack(0x0000005c46e00000,0x0000005c46f00000)]
  0x000001f8ccc20890 JavaThread "RMI Reaper" [_thread_blocked, id=2028, stack(0x0000005c46f00000,0x0000005c47000000)]
  0x000001f8ccc20d70 JavaThread "RMI GC Daemon" daemon [_thread_blocked, id=2588, stack(0x0000005c47000000,0x0000005c47100000)]
  0x000001f8d1212930 JavaThread "RMI TCP Connection(2)-127.0.0.1" daemon [_thread_in_native, id=9024, stack(0x0000005c47200000,0x0000005c47300000)]
  0x000001f8d146e630 JavaThread "RMI Scheduler(0)" daemon [_thread_blocked, id=4004, stack(0x0000005c47300000,0x0000005c47400000)]
  0x000001f8d146e120 JavaThread "RMI TCP Connection(4)-127.0.0.1" daemon [_thread_in_native, id=8176, stack(0x0000005c47500000,0x0000005c47600000)]
  0x000001f8d146dc10 JavaThread "RMI RenewClean-[127.0.0.1:60654]" daemon [_thread_blocked, id=21996, stack(0x0000005c47600000,0x0000005c47700000)]

Other Threads:
  0x000001f8cc924510 VMThread "VM Thread" [stack: 0x0000005c45c00000,0x0000005c45d00000] [id=14264]
  0x000001f8ccb06b70 WatcherThread [stack: 0x0000005c46a00000,0x0000005c46b00000] [id=24088]
  0x000001f8b1b9a400 GCTaskThread "GC Thread#0" [stack: 0x0000005c45700000,0x0000005c45800000] [id=14416]
  0x000001f8d22f5c30 GCTaskThread "GC Thread#1" [stack: 0x0000005c47700000,0x0000005c47800000] [id=4448]
  0x000001f8d1d86090 GCTaskThread "GC Thread#2" [stack: 0x0000005c47800000,0x0000005c47900000] [id=16976]
  0x000001f8d1d85870 GCTaskThread "GC Thread#3" [stack: 0x0000005c47900000,0x0000005c47a00000] [id=12500]
  0x000001f8d1c94b80 GCTaskThread "GC Thread#4" [stack: 0x0000005c47a00000,0x0000005c47b00000] [id=5156]
  0x000001f8d27d2d40 GCTaskThread "GC Thread#5" [stack: 0x0000005c47b00000,0x0000005c47c00000] [id=14812]
  0x000001f8d15a7460 GCTaskThread "GC Thread#6" [stack: 0x0000005c47c00000,0x0000005c47d00000] [id=13764]
  0x000001f8d15a7720 GCTaskThread "GC Thread#7" [stack: 0x0000005c47d00000,0x0000005c47e00000] [id=23816]
  0x000001f8d2034c90 GCTaskThread "GC Thread#8" [stack: 0x0000005c47e00000,0x0000005c47f00000] [id=412]
  0x000001f8d2034f50 GCTaskThread "GC Thread#9" [stack: 0x0000005c47f00000,0x0000005c48000000] [id=9020]
  0x000001f8d1505c40 GCTaskThread "GC Thread#10" [stack: 0x0000005c48300000,0x0000005c48400000] [id=13568]
  0x000001f8d1d75090 GCTaskThread "GC Thread#11" [stack: 0x0000005c48400000,0x0000005c48500000] [id=24560]
  0x000001f8d2873880 GCTaskThread "GC Thread#12" [stack: 0x0000005c45300000,0x0000005c45400000] [id=23996]
  0x000001f8b1bab350 ConcurrentGCThread "G1 Main Marker" [stack: 0x0000005c45800000,0x0000005c45900000] [id=23788]
  0x000001f8b1bacd80 ConcurrentGCThread "G1 Conc#0" [stack: 0x0000005c45900000,0x0000005c45a00000] [id=7056]
  0x000001f8d1c5c030 ConcurrentGCThread "G1 Conc#1" [stack: 0x0000005c48500000,0x0000005c48600000] [id=8696]
  0x000001f8d17ded40 ConcurrentGCThread "G1 Conc#2" [stack: 0x0000005c48600000,0x0000005c48700000] [id=3788]
  0x000001f8cc6417f0 ConcurrentGCThread "G1 Refine#0" [stack: 0x0000005c45a00000,0x0000005c45b00000] [id=23928]
  0x000001f8cc642220 ConcurrentGCThread "G1 Service" [stack: 0x0000005c45b00000,0x0000005c45c00000] [id=10664]

Threads with active compile tasks:
C2 CompilerThread0  3295887 3421       4       java.lang.Class::reflectionData (43 bytes)

VM state: not at safepoint (normal execution)

VM Mutex/Monitor currently owned by a thread: None

Heap address: 0x0000000080000000, size: 2048 MB, Compressed Oops mode: 32-bit

CDS archive(s) not mapped
Compressed class space mapped at: 0x0000000100000000-0x0000000140000000, reserved size: 1073741824
Narrow klass base: 0x0000000000000000, Narrow klass shift: 3, Narrow klass range: 0x140000000

GC Precious Log:
 CPUs: 16 total, 16 available
 Memory: 16077M
 Large Page Support: Disabled
 NUMA Support: Disabled
 Compressed Oops: Enabled (32-bit)
 Heap Region Size: 1M
 Heap Min Capacity: 128M
 Heap Initial Capacity: 128M
 Heap Max Capacity: 2G
 Pre-touch: Disabled
 Parallel Workers: 13
 Concurrent Workers: 3
 Concurrent Refinement Workers: 13
 Periodic GC: Disabled

Heap:
 garbage-first heap   total 131072K, used 17098K [0x0000000080000000, 0x0000000100000000)
  region size 1024K, 10 young (10240K), 3 survivors (3072K)
 Metaspace       used 25788K, committed 26112K, reserved 1114112K
  class space    used 2697K, committed 2880K, reserved 1048576K

Heap Regions: E=young(eden), S=young(survivor), O=old, HS=humongous(starts), HC=humongous(continues), CS=collection set, F=free, OA=open archive, CA=closed archive, TAMS=top-at-mark-start (previous, next)
|   0|0x0000000080000000, 0x0000000080100000, 0x0000000080100000|100%|HS|  |TAMS 0x0000000080100000, 0x0000000080000000| Complete 
|   1|0x0000000080100000, 0x0000000080200000, 0x0000000080200000|100%|HC|  |TAMS 0x0000000080200000, 0x0000000080100000| Complete 
|   2|0x0000000080200000, 0x0000000080300000, 0x0000000080300000|100%|HC|  |TAMS 0x0000000080300000, 0x0000000080200000| Complete 
|   3|0x0000000080300000, 0x0000000080400000, 0x0000000080400000|100%| O|  |TAMS 0x0000000080400000, 0x0000000080300000| Untracked 
|   4|0x0000000080400000, 0x0000000080500000, 0x0000000080500000|100%| O|  |TAMS 0x0000000080500000, 0x0000000080400000| Untracked 
|   5|0x0000000080500000, 0x0000000080600000, 0x0000000080600000|100%| O|  |TAMS 0x0000000080513800, 0x0000000080500000| Untracked 
|   6|0x0000000080600000, 0x0000000080700000, 0x0000000080700000|100%| O|  |TAMS 0x0000000080600000, 0x0000000080600000| Untracked 
|   7|0x0000000080700000, 0x0000000080800000, 0x0000000080800000|100%| O|  |TAMS 0x0000000080700000, 0x0000000080700000| Untracked 
|   8|0x0000000080800000, 0x000000008085bc00, 0x0000000080900000| 35%| O|  |TAMS 0x0000000080800000, 0x0000000080800000| Untracked 
|   9|0x0000000080900000, 0x0000000080900000, 0x0000000080a00000|  0%| F|  |TAMS 0x0000000080900000, 0x0000000080900000| Untracked 
|  10|0x0000000080a00000, 0x0000000080a00000, 0x0000000080b00000|  0%| F|  |TAMS 0x0000000080a00000, 0x0000000080a00000| Untracked 
|  11|0x0000000080b00000, 0x0000000080b00000, 0x0000000080c00000|  0%| F|  |TAMS 0x0000000080b00000, 0x0000000080b00000| Untracked 
|  12|0x0000000080c00000, 0x0000000080c00000, 0x0000000080d00000|  0%| F|  |TAMS 0x0000000080c00000, 0x0000000080c00000| Untracked 
|  13|0x0000000080d00000, 0x0000000080d00000, 0x0000000080e00000|  0%| F|  |TAMS 0x0000000080d00000, 0x0000000080d00000| Untracked 
|  14|0x0000000080e00000, 0x0000000080e00000, 0x0000000080f00000|  0%| F|  |TAMS 0x0000000080e00000, 0x0000000080e00000| Untracked 
|  15|0x0000000080f00000, 0x0000000080f00000, 0x0000000081000000|  0%| F|  |TAMS 0x0000000080f00000, 0x0000000080f00000| Untracked 
|  16|0x0000000081000000, 0x0000000081000000, 0x0000000081100000|  0%| F|  |TAMS 0x0000000081000000, 0x0000000081000000| Untracked 
|  17|0x0000000081100000, 0x0000000081100000, 0x0000000081200000|  0%| F|  |TAMS 0x0000000081100000, 0x0000000081100000| Untracked 
|  18|0x0000000081200000, 0x0000000081200000, 0x0000000081300000|  0%| F|  |TAMS 0x0000000081200000, 0x0000000081200000| Untracked 
|  19|0x0000000081300000, 0x0000000081300000, 0x0000000081400000|  0%| F|  |TAMS 0x0000000081300000, 0x0000000081300000| Untracked 
|  20|0x0000000081400000, 0x0000000081400000, 0x0000000081500000|  0%| F|  |TAMS 0x0000000081400000, 0x0000000081400000| Untracked 
|  21|0x0000000081500000, 0x0000000081500000, 0x0000000081600000|  0%| F|  |TAMS 0x0000000081500000, 0x0000000081500000| Untracked 
|  22|0x0000000081600000, 0x0000000081600000, 0x0000000081700000|  0%| F|  |TAMS 0x0000000081600000, 0x0000000081600000| Untracked 
|  23|0x0000000081700000, 0x0000000081700000, 0x0000000081800000|  0%| F|  |TAMS 0x0000000081700000, 0x0000000081700000| Untracked 
|  24|0x0000000081800000, 0x0000000081800000, 0x0000000081900000|  0%| F|  |TAMS 0x0000000081800000, 0x0000000081800000| Untracked 
|  25|0x0000000081900000, 0x0000000081900000, 0x0000000081a00000|  0%| F|  |TAMS 0x0000000081900000, 0x0000000081900000| Untracked 
|  26|0x0000000081a00000, 0x0000000081a00000, 0x0000000081b00000|  0%| F|  |TAMS 0x0000000081a00000, 0x0000000081a00000| Untracked 
|  27|0x0000000081b00000, 0x0000000081b00000, 0x0000000081c00000|  0%| F|  |TAMS 0x0000000081b00000, 0x0000000081b00000| Untracked 
|  28|0x0000000081c00000, 0x0000000081c00000, 0x0000000081d00000|  0%| F|  |TAMS 0x0000000081c00000, 0x0000000081c00000| Untracked 
|  29|0x0000000081d00000, 0x0000000081d00000, 0x0000000081e00000|  0%| F|  |TAMS 0x0000000081d00000, 0x0000000081d00000| Untracked 
|  30|0x0000000081e00000, 0x0000000081e00000, 0x0000000081f00000|  0%| F|  |TAMS 0x0000000081e00000, 0x0000000081e00000| Untracked 
|  31|0x0000000081f00000, 0x0000000081f00000, 0x0000000082000000|  0%| F|  |TAMS 0x0000000081f00000, 0x0000000081f00000| Untracked 
|  32|0x0000000082000000, 0x0000000082000000, 0x0000000082100000|  0%| F|  |TAMS 0x0000000082000000, 0x0000000082000000| Untracked 
|  33|0x0000000082100000, 0x0000000082100000, 0x0000000082200000|  0%| F|  |TAMS 0x0000000082100000, 0x0000000082100000| Untracked 
|  34|0x0000000082200000, 0x0000000082200000, 0x0000000082300000|  0%| F|  |TAMS 0x0000000082200000, 0x0000000082200000| Untracked 
|  35|0x0000000082300000, 0x0000000082300000, 0x0000000082400000|  0%| F|  |TAMS 0x0000000082300000, 0x0000000082300000| Untracked 
|  36|0x0000000082400000, 0x0000000082400000, 0x0000000082500000|  0%| F|  |TAMS 0x0000000082400000, 0x0000000082400000| Untracked 
|  37|0x0000000082500000, 0x0000000082500000, 0x0000000082600000|  0%| F|  |TAMS 0x0000000082500000, 0x0000000082500000| Untracked 
|  38|0x0000000082600000, 0x0000000082600000, 0x0000000082700000|  0%| F|  |TAMS 0x0000000082600000, 0x0000000082600000| Untracked 
|  39|0x0000000082700000, 0x0000000082700000, 0x0000000082800000|  0%| F|  |TAMS 0x0000000082700000, 0x0000000082700000| Untracked 
|  40|0x0000000082800000, 0x0000000082800000, 0x0000000082900000|  0%| F|  |TAMS 0x0000000082800000, 0x0000000082800000| Untracked 
|  41|0x0000000082900000, 0x0000000082900000, 0x0000000082a00000|  0%| F|  |TAMS 0x0000000082900000, 0x0000000082900000| Untracked 
|  42|0x0000000082a00000, 0x0000000082a00000, 0x0000000082b00000|  0%| F|  |TAMS 0x0000000082a00000, 0x0000000082a00000| Untracked 
|  43|0x0000000082b00000, 0x0000000082b00000, 0x0000000082c00000|  0%| F|  |TAMS 0x0000000082b00000, 0x0000000082b00000| Untracked 
|  44|0x0000000082c00000, 0x0000000082c00000, 0x0000000082d00000|  0%| F|  |TAMS 0x0000000082c00000, 0x0000000082c00000| Untracked 
|  45|0x0000000082d00000, 0x0000000082d00000, 0x0000000082e00000|  0%| F|  |TAMS 0x0000000082d00000, 0x0000000082d00000| Untracked 
|  46|0x0000000082e00000, 0x0000000082e00000, 0x0000000082f00000|  0%| F|  |TAMS 0x0000000082e00000, 0x0000000082e00000| Untracked 
|  47|0x0000000082f00000, 0x0000000082f00000, 0x0000000083000000|  0%| F|  |TAMS 0x0000000082f00000, 0x0000000082f00000| Untracked 
|  48|0x0000000083000000, 0x0000000083000000, 0x0000000083100000|  0%| F|  |TAMS 0x0000000083000000, 0x0000000083000000| Untracked 
|  49|0x0000000083100000, 0x0000000083100000, 0x0000000083200000|  0%| F|  |TAMS 0x0000000083100000, 0x0000000083100000| Untracked 
|  50|0x0000000083200000, 0x0000000083200000, 0x0000000083300000|  0%| F|  |TAMS 0x0000000083200000, 0x0000000083200000| Untracked 
|  51|0x0000000083300000, 0x0000000083300000, 0x0000000083400000|  0%| F|  |TAMS 0x0000000083300000, 0x0000000083300000| Untracked 
|  52|0x0000000083400000, 0x0000000083400000, 0x0000000083500000|  0%| F|  |TAMS 0x0000000083400000, 0x0000000083400000| Untracked 
|  53|0x0000000083500000, 0x0000000083500000, 0x0000000083600000|  0%| F|  |TAMS 0x0000000083500000, 0x0000000083500000| Untracked 
|  54|0x0000000083600000, 0x0000000083600000, 0x0000000083700000|  0%| F|  |TAMS 0x0000000083600000, 0x0000000083600000| Untracked 
|  55|0x0000000083700000, 0x0000000083700000, 0x0000000083800000|  0%| F|  |TAMS 0x0000000083700000, 0x0000000083700000| Untracked 
|  56|0x0000000083800000, 0x0000000083800000, 0x0000000083900000|  0%| F|  |TAMS 0x0000000083800000, 0x0000000083800000| Untracked 
|  57|0x0000000083900000, 0x0000000083900000, 0x0000000083a00000|  0%| F|  |TAMS 0x0000000083900000, 0x0000000083900000| Untracked 
|  58|0x0000000083a00000, 0x0000000083a00000, 0x0000000083b00000|  0%| F|  |TAMS 0x0000000083a00000, 0x0000000083a00000| Untracked 
|  59|0x0000000083b00000, 0x0000000083b00000, 0x0000000083c00000|  0%| F|  |TAMS 0x0000000083b00000, 0x0000000083b00000| Untracked 
|  60|0x0000000083c00000, 0x0000000083c00000, 0x0000000083d00000|  0%| F|  |TAMS 0x0000000083c00000, 0x0000000083c00000| Untracked 
|  61|0x0000000083d00000, 0x0000000083d00000, 0x0000000083e00000|  0%| F|  |TAMS 0x0000000083d00000, 0x0000000083d00000| Untracked 
|  62|0x0000000083e00000, 0x0000000083e00000, 0x0000000083f00000|  0%| F|  |TAMS 0x0000000083e00000, 0x0000000083e00000| Untracked 
|  63|0x0000000083f00000, 0x0000000083f00000, 0x0000000084000000|  0%| F|  |TAMS 0x0000000083f00000, 0x0000000083f00000| Untracked 
|  64|0x0000000084000000, 0x0000000084000000, 0x0000000084100000|  0%| F|  |TAMS 0x0000000084000000, 0x0000000084000000| Untracked 
|  65|0x0000000084100000, 0x0000000084100000, 0x0000000084200000|  0%| F|  |TAMS 0x0000000084100000, 0x0000000084100000| Untracked 
|  66|0x0000000084200000, 0x0000000084200000, 0x0000000084300000|  0%| F|  |TAMS 0x0000000084200000, 0x0000000084200000| Untracked 
|  67|0x0000000084300000, 0x0000000084300000, 0x0000000084400000|  0%| F|  |TAMS 0x0000000084300000, 0x0000000084300000| Untracked 
|  68|0x0000000084400000, 0x0000000084400000, 0x0000000084500000|  0%| F|  |TAMS 0x0000000084400000, 0x0000000084400000| Untracked 
|  69|0x0000000084500000, 0x0000000084500000, 0x0000000084600000|  0%| F|  |TAMS 0x0000000084500000, 0x0000000084500000| Untracked 
|  70|0x0000000084600000, 0x0000000084600000, 0x0000000084700000|  0%| F|  |TAMS 0x0000000084600000, 0x0000000084600000| Untracked 
|  71|0x0000000084700000, 0x0000000084700000, 0x0000000084800000|  0%| F|  |TAMS 0x0000000084700000, 0x0000000084700000| Untracked 
|  72|0x0000000084800000, 0x0000000084800000, 0x0000000084900000|  0%| F|  |TAMS 0x0000000084800000, 0x0000000084800000| Untracked 
|  73|0x0000000084900000, 0x0000000084900000, 0x0000000084a00000|  0%| F|  |TAMS 0x0000000084900000, 0x0000000084900000| Untracked 
|  74|0x0000000084a00000, 0x0000000084a56cc0, 0x0000000084b00000| 33%| S|CS|TAMS 0x0000000084a00000, 0x0000000084a00000| Complete 
|  75|0x0000000084b00000, 0x0000000084c00000, 0x0000000084c00000|100%| S|CS|TAMS 0x0000000084b00000, 0x0000000084b00000| Complete 
|  76|0x0000000084c00000, 0x0000000084d00000, 0x0000000084d00000|100%| S|CS|TAMS 0x0000000084c00000, 0x0000000084c00000| Complete 
|  77|0x0000000084d00000, 0x0000000084d00000, 0x0000000084e00000|  0%| F|  |TAMS 0x0000000084d00000, 0x0000000084d00000| Untracked 
|  78|0x0000000084e00000, 0x0000000084e00000, 0x0000000084f00000|  0%| F|  |TAMS 0x0000000084e00000, 0x0000000084e00000| Untracked 
|  79|0x0000000084f00000, 0x0000000084f00000, 0x0000000085000000|  0%| F|  |TAMS 0x0000000084f00000, 0x0000000084f00000| Untracked 
|  80|0x0000000085000000, 0x0000000085000000, 0x0000000085100000|  0%| F|  |TAMS 0x0000000085000000, 0x0000000085000000| Untracked 
|  81|0x0000000085100000, 0x0000000085100000, 0x0000000085200000|  0%| F|  |TAMS 0x0000000085100000, 0x0000000085100000| Untracked 
|  82|0x0000000085200000, 0x0000000085200000, 0x0000000085300000|  0%| F|  |TAMS 0x0000000085200000, 0x0000000085200000| Untracked 
|  83|0x0000000085300000, 0x0000000085300000, 0x0000000085400000|  0%| F|  |TAMS 0x0000000085300000, 0x0000000085300000| Untracked 
|  84|0x0000000085400000, 0x0000000085400000, 0x0000000085500000|  0%| F|  |TAMS 0x0000000085400000, 0x0000000085400000| Untracked 
|  85|0x0000000085500000, 0x0000000085500000, 0x0000000085600000|  0%| F|  |TAMS 0x0000000085500000, 0x0000000085500000| Untracked 
|  86|0x0000000085600000, 0x0000000085600000, 0x0000000085700000|  0%| F|  |TAMS 0x0000000085600000, 0x0000000085600000| Untracked 
|  87|0x0000000085700000, 0x0000000085700000, 0x0000000085800000|  0%| F|  |TAMS 0x0000000085700000, 0x0000000085700000| Untracked 
|  88|0x0000000085800000, 0x0000000085800000, 0x0000000085900000|  0%| F|  |TAMS 0x0000000085800000, 0x0000000085800000| Untracked 
|  89|0x0000000085900000, 0x0000000085900000, 0x0000000085a00000|  0%| F|  |TAMS 0x0000000085900000, 0x0000000085900000| Untracked 
|  90|0x0000000085a00000, 0x0000000085a00000, 0x0000000085b00000|  0%| F|  |TAMS 0x0000000085a00000, 0x0000000085a00000| Untracked 
|  91|0x0000000085b00000, 0x0000000085b00000, 0x0000000085c00000|  0%| F|  |TAMS 0x0000000085b00000, 0x0000000085b00000| Untracked 
|  92|0x0000000085c00000, 0x0000000085c00000, 0x0000000085d00000|  0%| F|  |TAMS 0x0000000085c00000, 0x0000000085c00000| Untracked 
|  93|0x0000000085d00000, 0x0000000085d00000, 0x0000000085e00000|  0%| F|  |TAMS 0x0000000085d00000, 0x0000000085d00000| Untracked 
|  94|0x0000000085e00000, 0x0000000085e00000, 0x0000000085f00000|  0%| F|  |TAMS 0x0000000085e00000, 0x0000000085e00000| Untracked 
|  95|0x0000000085f00000, 0x0000000085f00000, 0x0000000086000000|  0%| F|  |TAMS 0x0000000085f00000, 0x0000000085f00000| Untracked 
|  96|0x0000000086000000, 0x0000000086000000, 0x0000000086100000|  0%| F|  |TAMS 0x0000000086000000, 0x0000000086000000| Untracked 
|  97|0x0000000086100000, 0x0000000086100000, 0x0000000086200000|  0%| F|  |TAMS 0x0000000086100000, 0x0000000086100000| Untracked 
|  98|0x0000000086200000, 0x0000000086200000, 0x0000000086300000|  0%| F|  |TAMS 0x0000000086200000, 0x0000000086200000| Untracked 
|  99|0x0000000086300000, 0x0000000086300000, 0x0000000086400000|  0%| F|  |TAMS 0x0000000086300000, 0x0000000086300000| Untracked 
| 100|0x0000000086400000, 0x0000000086400000, 0x0000000086500000|  0%| F|  |TAMS 0x0000000086400000, 0x0000000086400000| Untracked 
| 101|0x0000000086500000, 0x0000000086500000, 0x0000000086600000|  0%| F|  |TAMS 0x0000000086500000, 0x0000000086500000| Untracked 
| 102|0x0000000086600000, 0x0000000086600000, 0x0000000086700000|  0%| F|  |TAMS 0x0000000086600000, 0x0000000086600000| Untracked 
| 103|0x0000000086700000, 0x0000000086700000, 0x0000000086800000|  0%| F|  |TAMS 0x0000000086700000, 0x0000000086700000| Untracked 
| 104|0x0000000086800000, 0x0000000086800000, 0x0000000086900000|  0%| F|  |TAMS 0x0000000086800000, 0x0000000086800000| Untracked 
| 105|0x0000000086900000, 0x0000000086900000, 0x0000000086a00000|  0%| F|  |TAMS 0x0000000086900000, 0x0000000086900000| Untracked 
| 106|0x0000000086a00000, 0x0000000086a00000, 0x0000000086b00000|  0%| F|  |TAMS 0x0000000086a00000, 0x0000000086a00000| Untracked 
| 107|0x0000000086b00000, 0x0000000086b00000, 0x0000000086c00000|  0%| F|  |TAMS 0x0000000086b00000, 0x0000000086b00000| Untracked 
| 108|0x0000000086c00000, 0x0000000086c00000, 0x0000000086d00000|  0%| F|  |TAMS 0x0000000086c00000, 0x0000000086c00000| Untracked 
| 109|0x0000000086d00000, 0x0000000086d00000, 0x0000000086e00000|  0%| F|  |TAMS 0x0000000086d00000, 0x0000000086d00000| Untracked 
| 110|0x0000000086e00000, 0x0000000086e00000, 0x0000000086f00000|  0%| F|  |TAMS 0x0000000086e00000, 0x0000000086e00000| Untracked 
| 111|0x0000000086f00000, 0x0000000086f00000, 0x0000000087000000|  0%| F|  |TAMS 0x0000000086f00000, 0x0000000086f00000| Untracked 
| 112|0x0000000087000000, 0x0000000087000000, 0x0000000087100000|  0%| F|  |TAMS 0x0000000087000000, 0x0000000087000000| Untracked 
| 113|0x0000000087100000, 0x0000000087100000, 0x0000000087200000|  0%| F|  |TAMS 0x0000000087100000, 0x0000000087100000| Untracked 
| 114|0x0000000087200000, 0x0000000087200000, 0x0000000087300000|  0%| F|  |TAMS 0x0000000087200000, 0x0000000087200000| Untracked 
| 115|0x0000000087300000, 0x0000000087300000, 0x0000000087400000|  0%| F|  |TAMS 0x0000000087300000, 0x0000000087300000| Untracked 
| 116|0x0000000087400000, 0x0000000087400000, 0x0000000087500000|  0%| F|  |TAMS 0x0000000087400000, 0x0000000087400000| Untracked 
| 117|0x0000000087500000, 0x0000000087500000, 0x0000000087600000|  0%| F|  |TAMS 0x0000000087500000, 0x0000000087500000| Untracked 
| 118|0x0000000087600000, 0x0000000087600000, 0x0000000087700000|  0%| F|  |TAMS 0x0000000087600000, 0x0000000087600000| Untracked 
| 119|0x0000000087700000, 0x0000000087700000, 0x0000000087800000|  0%| F|  |TAMS 0x0000000087700000, 0x0000000087700000| Untracked 
| 120|0x0000000087800000, 0x0000000087800000, 0x0000000087900000|  0%| F|  |TAMS 0x0000000087800000, 0x0000000087800000| Untracked 
| 121|0x0000000087900000, 0x00000000879a0b08, 0x0000000087a00000| 62%| E|  |TAMS 0x0000000087900000, 0x0000000087900000| Complete 
| 122|0x0000000087a00000, 0x0000000087b00000, 0x0000000087b00000|100%| E|CS|TAMS 0x0000000087a00000, 0x0000000087a00000| Complete 
| 123|0x0000000087b00000, 0x0000000087c00000, 0x0000000087c00000|100%| E|CS|TAMS 0x0000000087b00000, 0x0000000087b00000| Complete 
| 124|0x0000000087c00000, 0x0000000087d00000, 0x0000000087d00000|100%| E|CS|TAMS 0x0000000087c00000, 0x0000000087c00000| Complete 
| 125|0x0000000087d00000, 0x0000000087e00000, 0x0000000087e00000|100%| E|CS|TAMS 0x0000000087d00000, 0x0000000087d00000| Complete 
| 126|0x0000000087e00000, 0x0000000087f00000, 0x0000000087f00000|100%| E|CS|TAMS 0x0000000087e00000, 0x0000000087e00000| Complete 
| 127|0x0000000087f00000, 0x0000000088000000, 0x0000000088000000|100%| E|CS|TAMS 0x0000000087f00000, 0x0000000087f00000| Complete 

Card table byte_map: [0x000001f8c4f40000,0x000001f8c5340000] _byte_map_base: 0x000001f8c4b40000

Marking Bits (Prev, Next): (CMBitMap*) 0x000001f8b1b9aa60, (CMBitMap*) 0x000001f8b1b9aa20
 Prev Bits: [0x000001f8c7740000, 0x000001f8c9740000)
 Next Bits: [0x000001f8c5740000, 0x000001f8c7740000)

Polling page: 0x000001f8b12f0000

Metaspace:

Usage:
  Non-class:     22.55 MB used.
      Class:      2.63 MB used.
       Both:     25.18 MB used.

Virtual space:
  Non-class space:       64.00 MB reserved,      22.69 MB ( 35%) committed,  1 nodes.
      Class space:        1.00 GB reserved,       2.81 MB ( <1%) committed,  1 nodes.
             Both:        1.06 GB reserved,      25.50 MB (  2%) committed. 

Chunk freelists:
   Non-Class:  8.57 MB
       Class:  13.04 MB
        Both:  21.61 MB

MaxMetaspaceSize: unlimited
CompressedClassSpaceSize: 1.00 GB
Initial GC threshold: 21.00 MB
Current GC threshold: 35.12 MB
CDS: off
MetaspaceReclaimPolicy: balanced
 - commit_granule_bytes: 65536.
 - commit_granule_words: 8192.
 - virtual_space_node_default_size: 8388608.
 - enlarge_chunks_in_place: 1.
 - new_chunks_are_fully_committed: 0.
 - uncommit_free_chunks: 1.
 - use_allocation_guard: 0.
 - handle_deallocations: 1.


Internal statistics:

num_allocs_failed_limit: 3.
num_arena_births: 434.
num_arena_deaths: 0.
num_vsnodes_births: 2.
num_vsnodes_deaths: 0.
num_space_committed: 408.
num_space_uncommitted: 0.
num_chunks_returned_to_freelist: 3.
num_chunks_taken_from_freelist: 920.
num_chunk_merges: 0.
num_chunk_splits: 523.
num_chunks_enlarged: 228.
num_inconsistent_stats: 0.

CodeHeap 'non-profiled nmethods': size=119168Kb used=1509Kb max_used=1509Kb free=117658Kb
 bounds [0x000001f8bce50000, 0x000001f8bd0c0000, 0x000001f8c42b0000]
CodeHeap 'profiled nmethods': size=119104Kb used=7064Kb max_used=7064Kb free=112039Kb
 bounds [0x000001f8b52b0000, 0x000001f8b59a0000, 0x000001f8bc700000]
CodeHeap 'non-nmethods': size=7488Kb used=1242Kb max_used=2961Kb free=6245Kb
 bounds [0x000001f8bc700000, 0x000001f8bc9f0000, 0x000001f8bce50000]
 total_blobs=3972 nmethods=3419 adapters=464
 compilation: enabled
              stopped_count=0, restarted_count=0
 full_count=0

Compilation events (20 events):
Event: 3289.222 Thread 0x000001f8cc965a70 nmethod 3411 0x000001f8b598b490 code [0x000001f8b598b840, 0x000001f8b598cb38]
Event: 3289.340 Thread 0x000001f8cc964fc0 3412       4       java.io.ObjectStreamField::<init> (231 bytes)
Event: 3289.340 Thread 0x000001f8cc965a70 3413  s    3       java.util.Hashtable::remove (133 bytes)
Event: 3289.340 Thread 0x000001f8cc965a70 nmethod 3413 0x000001f8b598d310 code [0x000001f8b598d500, 0x000001f8b598dcd8]
Event: 3289.340 Thread 0x000001f8cc965a70 3414  s    3       sun.rmi.transport.Target::refSetRemove (117 bytes)
Event: 3289.343 Thread 0x000001f8cc965a70 nmethod 3414 0x000001f8b598df10 code [0x000001f8b598e420, 0x000001f8b5991458]
Event: 3289.343 Thread 0x000001f8cc965a70 3420   !   3       java.util.concurrent.ConcurrentHashMap::clear (176 bytes)
Event: 3289.343 Thread 0x000001f8cc964fc0 nmethod 3412 0x000001f8bcfc8e90 code [0x000001f8bcfc9040, 0x000001f8bcfc9538]
Event: 3289.343 Thread 0x000001f8cc965a70 nmethod 3420 0x000001f8b5992290 code [0x000001f8b59924c0, 0x000001f8b5992e88]
Event: 3289.343 Thread 0x000001f8cc965a70 3418  s    3       com.intellij.execution.rmi.RemoteObject::unexportChildren (65 bytes)
Event: 3289.343 Thread 0x000001f8cc965a70 nmethod 3418 0x000001f8b5993310 code [0x000001f8b5993540, 0x000001f8b5993f68]
Event: 3289.343 Thread 0x000001f8cc965a70 3415  s    3       java.util.Vector::removeElement (29 bytes)
Event: 3289.343 Thread 0x000001f8cc965a70 nmethod 3415 0x000001f8b5994290 code [0x000001f8b5994460, 0x000001f8b5994798]
Event: 3289.344 Thread 0x000001f8cc965a70 3416       3       java.util.Vector::indexOf (7 bytes)
Event: 3289.344 Thread 0x000001f8cc965a70 nmethod 3416 0x000001f8b5994890 code [0x000001f8b5994a20, 0x000001f8b5994b68]
Event: 3289.344 Thread 0x000001f8cc965a70 3417  s    3       java.util.Vector::removeElementAt (115 bytes)
Event: 3289.344 Thread 0x000001f8cc965a70 nmethod 3417 0x000001f8b5994c10 code [0x000001f8b5994ea0, 0x000001f8b5995a28]
Event: 3289.344 Thread 0x000001f8cc965a70 3419       3       java.util.concurrent.ConcurrentHashMap::keySet (5 bytes)
Event: 3289.344 Thread 0x000001f8cc965a70 nmethod 3419 0x000001f8b5995e10 code [0x000001f8b5995fc0, 0x000001f8b5996108]
Event: 3295.847 Thread 0x000001f8cc964fc0 3421       4       java.lang.Class::reflectionData (43 bytes)

GC Heap History (6 events):
Event: 0.484 GC heap before
{Heap before GC invocations=0 (full 0):
 garbage-first heap   total 131072K, used 25600K [0x0000000080000000, 0x0000000100000000)
  region size 1024K, 23 young (23552K), 0 survivors (0K)
 Metaspace       used 18217K, committed 18624K, reserved 1114112K
  class space    used 1918K, committed 2112K, reserved 1048576K
}
Event: 0.487 GC heap after
{Heap after GC invocations=1 (full 0):
 garbage-first heap   total 131072K, used 8270K [0x0000000080000000, 0x0000000100000000)
  region size 1024K, 3 young (3072K), 3 survivors (3072K)
 Metaspace       used 18217K, committed 18624K, reserved 1114112K
  class space    used 1918K, committed 2112K, reserved 1048576K
}
Event: 0.557 GC heap before
{Heap before GC invocations=1 (full 0):
 garbage-first heap   total 131072K, used 11342K [0x0000000080000000, 0x0000000100000000)
  region size 1024K, 7 young (7168K), 3 survivors (3072K)
 Metaspace       used 21231K, committed 21504K, reserved 1114112K
  class space    used 2295K, committed 2432K, reserved 1048576K
}
Event: 0.559 GC heap after
{Heap after GC invocations=2 (full 0):
 garbage-first heap   total 131072K, used 9137K [0x0000000080000000, 0x0000000100000000)
  region size 1024K, 1 young (1024K), 1 survivors (1024K)
 Metaspace       used 21231K, committed 21504K, reserved 1114112K
  class space    used 2295K, committed 2432K, reserved 1048576K
}
Event: 3239.914 GC heap before
{Heap before GC invocations=3 (full 0):
 garbage-first heap   total 131072K, used 60337K [0x0000000080000000, 0x0000000100000000)
  region size 1024K, 51 young (52224K), 1 survivors (1024K)
 Metaspace       used 25736K, committed 26048K, reserved 1114112K
  class space    used 2697K, committed 2880K, reserved 1048576K
}
Event: 3239.920 GC heap after
{Heap after GC invocations=4 (full 0):
 garbage-first heap   total 131072K, used 10954K [0x0000000080000000, 0x0000000100000000)
  region size 1024K, 3 young (3072K), 3 survivors (3072K)
 Metaspace       used 25736K, committed 26048K, reserved 1114112K
  class space    used 2697K, committed 2880K, reserved 1048576K
}

Dll operation events (1 events):
Event: 0.005 Loaded shared library C:\Program Files\JetBrains\IntelliJ IDEA 2023.3.6\jbr\bin\java.dll

Deoptimization events (20 events):
Event: 1681.641 Thread 0x000001f8d146e120 Uncommon trap: trap_request=0xffffff45 fr.pc=0x000001f8bcf3865c relative=0x000000000000005c
Event: 1681.641 Thread 0x000001f8d146e120 Uncommon trap: reason=unstable_if action=reinterpret pc=0x000001f8bcf3865c method=java.io.ObjectStreamField.getSignature()Ljava/lang/String; @ 4 c2
Event: 1681.641 Thread 0x000001f8d146e120 DEOPT PACKING pc=0x000001f8bcf3865c sp=0x0000005c475fc790
Event: 1681.641 Thread 0x000001f8d146e120 DEOPT UNPACKING pc=0x000001f8bc7569a3 sp=0x0000005c475fc720 mode 2
Event: 1681.668 Thread 0x000001f8d146e120 Uncommon trap: trap_request=0xffffff45 fr.pc=0x000001f8bceef4b0 relative=0x0000000000000290
Event: 1681.668 Thread 0x000001f8d146e120 Uncommon trap: reason=unstable_if action=reinterpret pc=0x000001f8bceef4b0 method=java.util.HashMap.getNode(Ljava/lang/Object;)Ljava/util/HashMap$Node; @ 66 c2
Event: 1681.668 Thread 0x000001f8d146e120 DEOPT PACKING pc=0x000001f8bceef4b0 sp=0x0000005c475fdae0
Event: 1681.668 Thread 0x000001f8d146e120 DEOPT UNPACKING pc=0x000001f8bc7569a3 sp=0x0000005c475fd9f0 mode 2
Event: 1681.689 Thread 0x000001f8d146e120 DEOPT PACKING pc=0x000001f8b53590fa sp=0x0000005c475fd6f0
Event: 1681.689 Thread 0x000001f8d146e120 DEOPT UNPACKING pc=0x000001f8bc757143 sp=0x0000005c475fcb08 mode 0
Event: 2867.074 Thread 0x000001f8d146e120 DEOPT PACKING pc=0x000001f8b558894d sp=0x0000005c475fcc90
Event: 2867.074 Thread 0x000001f8d146e120 DEOPT UNPACKING pc=0x000001f8bc757143 sp=0x0000005c475fc118 mode 0
Event: 2872.037 Thread 0x000001f8d146e120 DEOPT PACKING pc=0x000001f8b571113a sp=0x0000005c475fccc0
Event: 2872.037 Thread 0x000001f8d146e120 DEOPT UNPACKING pc=0x000001f8bc757143 sp=0x0000005c475fc180 mode 0
Event: 2881.561 Thread 0x000001f8d146e120 DEOPT PACKING pc=0x000001f8b575db5d sp=0x0000005c475fdab0
Event: 2881.561 Thread 0x000001f8d146e120 DEOPT UNPACKING pc=0x000001f8bc757143 sp=0x0000005c475fcf98 mode 0
Event: 2910.709 Thread 0x000001f8d146eb40 Uncommon trap: trap_request=0xffffff45 fr.pc=0x000001f8bcfb2244 relative=0x0000000000000b84
Event: 2910.709 Thread 0x000001f8d146eb40 Uncommon trap: reason=unstable_if action=reinterpret pc=0x000001f8bcfb2244 method=sun.nio.ch.NioSocketImpl.implRead([BII)I @ 150 c2
Event: 2910.709 Thread 0x000001f8d146eb40 DEOPT PACKING pc=0x000001f8bcfb2244 sp=0x0000005c454fece0
Event: 2910.709 Thread 0x000001f8d146eb40 DEOPT UNPACKING pc=0x000001f8bc7569a3 sp=0x0000005c454feb18 mode 2

Classes unloaded (0 events):
No events

Classes redefined (0 events):
No events

Internal exceptions (20 events):
Event: 0.341 Thread 0x000001f8d146e120 Exception <a 'java/lang/NoSuchMethodError'{0x00000000872cae48}: 'java.lang.Object java.lang.invoke.DirectMethodHandle$Holder.invokeInterface(java.lang.Object, java.lang.Object)'> (0x00000000872cae48) 
thrown [s\src\hotspot\share\interpreter\linkResolver.cpp, line 771]
Event: 0.372 Thread 0x000001f8d146e120 Exception <a 'java/lang/NoSuchMethodError'{0x0000000087005f68}: 'java.lang.Object java.lang.invoke.DirectMethodHandle$Holder.invokeVirtual(java.lang.Object, java.lang.Object, java.lang.Object)'> (0x0000000087005f68) 
thrown [s\src\hotspot\share\interpreter\linkResolver.cpp, line 771]
Event: 0.476 Thread 0x000001f8d146e120 Exception <a 'sun/nio/fs/WindowsException'{0x000000008693d520}> (0x000000008693d520) 
thrown [s\src\hotspot\share\prims\jni.cpp, line 531]
Event: 0.482 Thread 0x000001f8d146e120 Exception <a 'java/lang/NoSuchMethodError'{0x0000000086961798}: 'int java.lang.invoke.DirectMethodHandle$Holder.invokeStaticInit(java.lang.Object, java.lang.Object, java.lang.Object, java.lang.Object)'> (0x0000000086961798) 
thrown [s\src\hotspot\share\interpreter\linkResolver.cpp, line 771]
Event: 0.482 Thread 0x000001f8d146e120 Exception <a 'java/lang/IncompatibleClassChangeError'{0x000000008696abe8}: Found class java.lang.Object, but interface was expected> (0x000000008696abe8) 
thrown [s\src\hotspot\share\interpreter\linkResolver.cpp, line 838]
Event: 0.483 Thread 0x000001f8d146e120 Exception <a 'java/lang/NoSuchMethodError'{0x0000000086970050}: 'int java.lang.invoke.DirectMethodHandle$Holder.invokeStaticInit(java.lang.Object, java.lang.Object)'> (0x0000000086970050) 
thrown [s\src\hotspot\share\interpreter\linkResolver.cpp, line 771]
Event: 0.618 Thread 0x000001f8d146e120 Exception <a 'java/lang/NoSuchMethodError'{0x0000000087a0d940}: 'java.lang.Object java.lang.invoke.DirectMethodHandle$Holder.newInvokeSpecial(java.lang.Object, java.lang.Object, int)'> (0x0000000087a0d940) 
thrown [s\src\hotspot\share\interpreter\linkResolver.cpp, line 771]
Event: 0.814 Thread 0x000001f8d146e120 Exception <a 'java/lang/NoSuchMethodError'{0x00000000875b5980}: static Lcom/intellij/database/remote/jdbc/RemoteResultSet$DataRetrievingOptions;.<clinit>()V> (0x00000000875b5980) 
thrown [s\src\hotspot\share\prims\jni.cpp, line 1122]
Event: 0.827 Thread 0x000001f8d146e120 Exception <a 'java/lang/NoSuchMethodError'{0x000000008742d338}: static [Ljava/lang/Object;.<clinit>()V> (0x000000008742d338) 
thrown [s\src\hotspot\share\prims\jni.cpp, line 1122]
Event: 0.829 Thread 0x000001f8d146e120 Exception <a 'java/lang/NoSuchMethodError'{0x0000000087445c40}: static Lcom/intellij/database/remote/jdbc/impl/UnparsedValue;.<clinit>()V> (0x0000000087445c40) 
thrown [s\src\hotspot\share\prims\jni.cpp, line 1122]
Event: 300.295 Thread 0x000001f8d146dc10 Implicit null exception at 0x000001f8bcf25adf to 0x000001f8bcf25b90
Event: 1681.509 Thread 0x000001f8d146e120 Exception <a 'java/lang/NoSuchMethodError'{0x00000000862bfb40}: static Lcom/intellij/database/remote/jdba/core/ConnectionInfo;.<clinit>()V> (0x00000000862bfb40) 
thrown [s\src\hotspot\share\prims\jni.cpp, line 1122]
Event: 1681.511 Thread 0x000001f8d146e120 Exception <a 'java/lang/NoSuchMethodError'{0x00000000862c9f28}: static Ljava/lang/Object;.<clinit>()V> (0x00000000862c9f28) 
thrown [s\src\hotspot\share\prims\jni.cpp, line 1122]
Event: 1681.511 Thread 0x000001f8d146e120 Exception <a 'java/lang/NoSuchMethodError'{0x00000000862cda78}: static [I.<clinit>()V> (0x00000000862cda78) 
thrown [s\src\hotspot\share\prims\jni.cpp, line 1122]
Event: 1681.545 Thread 0x000001f8d146e120 Exception <a 'java/lang/NoSuchMethodError'{0x00000000861e98f8}: static Lcom/intellij/database/remote/jdba/core/ResultLayout;.<clinit>()V> (0x00000000861e98f8) 
thrown [s\src\hotspot\share\prims\jni.cpp, line 1122]
Event: 1681.545 Thread 0x000001f8d146e120 Exception <a 'java/lang/NoSuchMethodError'{0x00000000861f5f70}: static Lcom/intellij/database/remote/jdba/core/RowLayout;.<clinit>()V> (0x00000000861f5f70) 
thrown [s\src\hotspot\share\prims\jni.cpp, line 1122]
Event: 1681.547 Thread 0x000001f8d146e120 Exception <a 'java/lang/NoSuchMethodError'{0x0000000086001240}: static Lcom/intellij/database/remote/jdba/util/NameAndClass;.<clinit>()V> (0x0000000086001240) 
thrown [s\src\hotspot\share\prims\jni.cpp, line 1122]
Event: 1681.573 Thread 0x000001f8d146e120 Exception <a 'java/lang/NoSuchMethodError'{0x00000000860c0020}: static [Ljava/lang/String;.<clinit>()V> (0x00000000860c0020) 
thrown [s\src\hotspot\share\prims\jni.cpp, line 1122]
Event: 1681.791 Thread 0x000001f8d146e120 Exception <a 'java/io/IOException'{0x0000000085b99110}> (0x0000000085b99110) 
thrown [s\src\hotspot\share\prims\jni.cpp, line 531]
Event: 1681.792 Thread 0x000001f8d146e120 Exception <a 'java/lang/NoSuchMethodError'{0x0000000085b9bec0}: 'void java.lang.invoke.DirectMethodHandle$Holder.invokeInterface(java.lang.Object, java.lang.Object)'> (0x0000000085b9bec0) 
thrown [s\src\hotspot\share\interpreter\linkResolver.cpp, line 771]

VM Operations (20 events):
Event: 2911.005 Executing VM operation: Cleanup
Event: 2911.005 Executing VM operation: Cleanup done
Event: 3006.133 Executing VM operation: HandshakeAllThreads
Event: 3006.133 Executing VM operation: HandshakeAllThreads done
Event: 3006.133 Executing VM operation: Cleanup
Event: 3006.133 Executing VM operation: Cleanup done
Event: 3107.208 Executing VM operation: Cleanup
Event: 3107.208 Executing VM operation: Cleanup done
Event: 3239.914 Executing VM operation: G1CollectForAllocation
Event: 3239.920 Executing VM operation: G1CollectForAllocation done
Event: 3240.920 Executing VM operation: Cleanup
Event: 3240.920 Executing VM operation: Cleanup done
Event: 3246.674 Executing VM operation: HandshakeAllThreads
Event: 3246.674 Executing VM operation: HandshakeAllThreads done
Event: 3287.711 Executing VM operation: Cleanup
Event: 3287.711 Executing VM operation: Cleanup done
Event: 3289.712 Executing VM operation: Cleanup
Event: 3289.712 Executing VM operation: Cleanup done
Event: 3290.712 Executing VM operation: Cleanup
Event: 3290.712 Executing VM operation: Cleanup done

Events (20 events):
Event: 3289.340 Thread 0x000001f8d146d700 Thread added: 0x000001f8d146d700
Event: 3289.340 Thread 0x000001f8d146f050 Thread added: 0x000001f8d146f050
Event: 3289.340 Thread 0x000001f8d146ff80 Thread added: 0x000001f8d146ff80
Event: 3289.340 Thread 0x000001f8d146f560 Thread added: 0x000001f8d146f560
Event: 3289.340 Thread 0x000001f8d1470490 Thread added: 0x000001f8d1470490
Event: 3289.340 Thread 0x000001f8d146eb40 Thread added: 0x000001f8d146eb40
Event: 3289.340 Thread 0x000001f8d15aaa10 Thread added: 0x000001f8d15aaa10
Event: 3289.340 Thread 0x000001f8d15ad290 Thread added: 0x000001f8d15ad290
Event: 3289.341 Thread 0x000001f8d15aaf20 Thread added: 0x000001f8d15aaf20
Event: 3289.341 Thread 0x000001f8d15ac360 Thread added: 0x000001f8d15ac360
Event: 3289.341 Thread 0x000001f8d146d700 Thread exited: 0x000001f8d146d700
Event: 3289.341 Thread 0x000001f8d15aaa10 Thread exited: 0x000001f8d15aaa10
Event: 3289.341 Thread 0x000001f8d1470490 Thread exited: 0x000001f8d1470490
Event: 3289.341 Thread 0x000001f8d146ff80 Thread exited: 0x000001f8d146ff80
Event: 3289.341 Thread 0x000001f8d146eb40 Thread exited: 0x000001f8d146eb40
Event: 3289.341 Thread 0x000001f8d146f560 Thread exited: 0x000001f8d146f560
Event: 3289.341 Thread 0x000001f8d15ac360 Thread exited: 0x000001f8d15ac360
Event: 3289.341 Thread 0x000001f8d15aaf20 Thread exited: 0x000001f8d15aaf20
Event: 3289.341 Thread 0x000001f8d146f050 Thread exited: 0x000001f8d146f050
Event: 3289.341 Thread 0x000001f8d15ad290 Thread exited: 0x000001f8d15ad290


Dynamic libraries:
0x00007ff7a59f0000 - 0x00007ff7a59fa000 	C:\Program Files\JetBrains\IntelliJ IDEA 2023.3.6\jbr\bin\java.exe
0x00007ffdf7b10000 - 0x00007ffdf7d26000 	C:\WINDOWS\SYSTEM32\ntdll.dll
0x00007ffdf5840000 - 0x00007ffdf5904000 	C:\WINDOWS\System32\KERNEL32.DLL
0x00007ffdf50a0000 - 0x00007ffdf5447000 	C:\WINDOWS\System32\KERNELBASE.dll
0x00007ffdf4f50000 - 0x00007ffdf5061000 	C:\WINDOWS\System32\ucrtbase.dll
0x00007ffdec7c0000 - 0x00007ffdec7d7000 	C:\Program Files\JetBrains\IntelliJ IDEA 2023.3.6\jbr\bin\jli.dll
0x00007ffdace70000 - 0x00007ffdace8b000 	C:\Program Files\JetBrains\IntelliJ IDEA 2023.3.6\jbr\bin\VCRUNTIME140.dll
0x00007ffdf6670000 - 0x00007ffdf681e000 	C:\WINDOWS\System32\USER32.dll
0x00007ffdf5450000 - 0x00007ffdf5476000 	C:\WINDOWS\System32\win32u.dll
0x00007ffdf6440000 - 0x00007ffdf6469000 	C:\WINDOWS\System32\GDI32.dll
0x00007ffdf4e30000 - 0x00007ffdf4f49000 	C:\WINDOWS\System32\gdi32full.dll
0x00007ffdd0380000 - 0x00007ffdd0613000 	C:\WINDOWS\WinSxS\amd64_microsoft.windows.common-controls_6595b64144ccf1df_6.0.22621.3235_none_270f74e173860f98\COMCTL32.dll
0x00007ffdf5670000 - 0x00007ffdf570a000 	C:\WINDOWS\System32\msvcp_win.dll
0x00007ffdf6a40000 - 0x00007ffdf6ae7000 	C:\WINDOWS\System32\msvcrt.dll
0x00007ffdf6af0000 - 0x00007ffdf6b21000 	C:\WINDOWS\System32\IMM32.DLL
0x00007ffdd2fe0000 - 0x00007ffdd2fec000 	C:\Program Files\JetBrains\IntelliJ IDEA 2023.3.6\jbr\bin\vcruntime140_1.dll
0x00007ffd251b0000 - 0x00007ffd2523d000 	C:\Program Files\JetBrains\IntelliJ IDEA 2023.3.6\jbr\bin\msvcp140.dll
0x00007ffd93ae0000 - 0x00007ffd94762000 	C:\Program Files\JetBrains\IntelliJ IDEA 2023.3.6\jbr\bin\server\jvm.dll
0x00007ffdf7680000 - 0x00007ffdf7732000 	C:\WINDOWS\System32\ADVAPI32.dll
0x00007ffdf6e30000 - 0x00007ffdf6ed8000 	C:\WINDOWS\System32\sechost.dll
0x00007ffdf5070000 - 0x00007ffdf5098000 	C:\WINDOWS\System32\bcrypt.dll
0x00007ffdf6cb0000 - 0x00007ffdf6dc5000 	C:\WINDOWS\System32\RPCRT4.dll
0x00007ffdec000000 - 0x00007ffdec034000 	C:\WINDOWS\SYSTEM32\WINMM.dll
0x00007ffdee500000 - 0x00007ffdee509000 	C:\WINDOWS\SYSTEM32\WSOCK32.dll
0x00007ffdec950000 - 0x00007ffdec95a000 	C:\WINDOWS\SYSTEM32\VERSION.dll
0x00007ffdf65f0000 - 0x00007ffdf6661000 	C:\WINDOWS\System32\WS2_32.dll
0x00007ffdf3cb0000 - 0x00007ffdf3cfd000 	C:\WINDOWS\SYSTEM32\POWRPROF.dll
0x00007ffdf3c70000 - 0x00007ffdf3c83000 	C:\WINDOWS\SYSTEM32\UMPDC.dll
0x00007ffdf3f20000 - 0x00007ffdf3f38000 	C:\WINDOWS\SYSTEM32\kernel.appcore.dll
0x00007ffdefc90000 - 0x00007ffdefc9a000 	C:\Program Files\JetBrains\IntelliJ IDEA 2023.3.6\jbr\bin\jimage.dll
0x00007ffdf2130000 - 0x00007ffdf2363000 	C:\WINDOWS\SYSTEM32\DBGHELP.DLL
0x00007ffdf7740000 - 0x00007ffdf7ac8000 	C:\WINDOWS\System32\combase.dll
0x00007ffdf6f60000 - 0x00007ffdf7037000 	C:\WINDOWS\System32\OLEAUT32.dll
0x00007ffde7b50000 - 0x00007ffde7b82000 	C:\WINDOWS\SYSTEM32\dbgcore.DLL
0x00007ffdf55f0000 - 0x00007ffdf5669000 	C:\WINDOWS\System32\bcryptPrimitives.dll
0x00007ffdefc60000 - 0x00007ffdefc85000 	C:\Program Files\JetBrains\IntelliJ IDEA 2023.3.6\jbr\bin\java.dll
0x00007ffdefc40000 - 0x00007ffdefc58000 	C:\Program Files\JetBrains\IntelliJ IDEA 2023.3.6\jbr\bin\zip.dll
0x00007ffdf5be0000 - 0x00007ffdf643c000 	C:\WINDOWS\System32\SHELL32.dll
0x00007ffdf2d50000 - 0x00007ffdf3649000 	C:\WINDOWS\SYSTEM32\windows.storage.dll
0x00007ffdf2c10000 - 0x00007ffdf2d4e000 	C:\WINDOWS\SYSTEM32\wintypes.dll
0x00007ffdf68a0000 - 0x00007ffdf6993000 	C:\WINDOWS\System32\SHCORE.dll
0x00007ffdf6ee0000 - 0x00007ffdf6f3e000 	C:\WINDOWS\System32\shlwapi.dll
0x00007ffdf4d60000 - 0x00007ffdf4d81000 	C:\WINDOWS\SYSTEM32\profapi.dll
0x00007ffdefc20000 - 0x00007ffdefc39000 	C:\Program Files\JetBrains\IntelliJ IDEA 2023.3.6\jbr\bin\net.dll
0x00007ffdee040000 - 0x00007ffdee176000 	C:\WINDOWS\SYSTEM32\WINHTTP.dll
0x00007ffdf4380000 - 0x00007ffdf43e9000 	C:\WINDOWS\system32\mswsock.dll
0x00007ffdefc00000 - 0x00007ffdefc16000 	C:\Program Files\JetBrains\IntelliJ IDEA 2023.3.6\jbr\bin\nio.dll
0x00007ffdf38a0000 - 0x00007ffdf38cd000 	C:\WINDOWS\SYSTEM32\IPHLPAPI.DLL
0x00007ffdf6a30000 - 0x00007ffdf6a39000 	C:\WINDOWS\System32\NSI.dll
0x00007ffdeddb0000 - 0x00007ffdeddc9000 	C:\WINDOWS\SYSTEM32\dhcpcsvc6.DLL
0x00007ffdedd20000 - 0x00007ffdedd3f000 	C:\WINDOWS\SYSTEM32\dhcpcsvc.DLL
0x00007ffdf38d0000 - 0x00007ffdf39c9000 	C:\WINDOWS\SYSTEM32\DNSAPI.dll
0x00007ffdf4620000 - 0x00007ffdf463b000 	C:\WINDOWS\SYSTEM32\CRYPTSP.dll
0x00007ffdf3e80000 - 0x00007ffdf3eb5000 	C:\WINDOWS\system32\rsaenh.dll
0x00007ffdf4420000 - 0x00007ffdf4448000 	C:\WINDOWS\SYSTEM32\USERENV.dll
0x00007ffdf4580000 - 0x00007ffdf458c000 	C:\WINDOWS\SYSTEM32\CRYPTBASE.dll
0x00007ffdee1e0000 - 0x00007ffdee1e9000 	C:\Program Files\JetBrains\IntelliJ IDEA 2023.3.6\jbr\bin\extnet.dll
0x00007ffdd48c0000 - 0x00007ffdd48c7000 	C:\Program Files\JetBrains\IntelliJ IDEA 2023.3.6\jbr\bin\rmi.dll
0x00007ffdec980000 - 0x00007ffdec98a000 	C:\Windows\System32\rasadhlp.dll
0x00007ffdec8c0000 - 0x00007ffdec943000 	C:\WINDOWS\System32\fwpuclnt.dll
0x00007ffdefb20000 - 0x00007ffdefb2e000 	C:\Program Files\JetBrains\IntelliJ IDEA 2023.3.6\jbr\bin\sunmscapi.dll
0x00007ffdf5480000 - 0x00007ffdf55e7000 	C:\WINDOWS\System32\CRYPT32.dll
0x00007ffdf47d0000 - 0x00007ffdf47fe000 	C:\WINDOWS\SYSTEM32\ncrypt.dll
0x00007ffdf4790000 - 0x00007ffdf47c7000 	C:\WINDOWS\SYSTEM32\NTASN1.dll

dbghelp: loaded successfully - version: 4.0.5 - missing functions: none
symbol engine: initialized successfully - sym options: 0x614 - pdb path: .;C:\Program Files\JetBrains\IntelliJ IDEA 2023.3.6\jbr\bin;C:\WINDOWS\SYSTEM32;C:\WINDOWS\WinSxS\amd64_microsoft.windows.common-controls_6595b64144ccf1df_6.0.22621.3235_none_270f74e173860f98;C:\Program Files\JetBrains\IntelliJ IDEA 2023.3.6\jbr\bin\server

VM Arguments:
jvm_args: -Djava.rmi.server.hostname=127.0.0.1 -Duser.timezone=UTC -Xmx2048m -Xms128m -Djdbc.classpath=C:\Program Files\JetBrains\IntelliJ IDEA 2023.3.6\plugins\DatabaseTools\lib\jdbc-console.jar;C:\Users\Aku-1\AppData\Roaming\JetBrains\IntelliJIdea2024.1\jdbc-drivers\MySQL ConnectorJ\8.2.0\com\mysql\mysql-connector-j\8.2.0\mysql-connector-j-8.2.0.jar;C:\Users\Aku-1\AppData\Roaming\JetBrains\IntelliJIdea2024.1\jdbc-drivers\MySQL ConnectorJ\8.2.0\com\google\protobuf\protobuf-java\3.21.9\protobuf-java-3.21.9.jar --add-exports=java.desktop/sun.awt=ALL-UNNAMED --add-exports=java.desktop/java.awt.peer=ALL-UNNAMED --add-opens=java.desktop/java.awt=ALL-UNNAMED --add-opens=jdk.unsupported/sun.misc=ALL-UNNAMED --add-opens=java.base/java.nio=ALL-UNNAMED --add-opens=java.base/java.util=ALL-UNNAMED -Dfile.encoding=UTF-8 
java_command: com.intellij.database.remote.RemoteJdbcServer com.mysql.cj.jdbc.Driver
java_class_path (initial): C:\Program Files\JetBrains\IntelliJ IDEA 2023.3.6\lib\util_rt.jar;C:\Program Files\JetBrains\IntelliJ IDEA 2023.3.6\lib\util-8.jar;C:\Program Files\JetBrains\IntelliJ IDEA 2023.3.6\lib\groovy.jar;C:\Program Files\JetBrains\IntelliJ IDEA 2023.3.6\plugins\DatabaseTools\lib\jdbc-console.jar;C:\Program Files\JetBrains\IntelliJ IDEA 2023.3.6\plugins\grid-core-impl\lib\jdbc-console-types.jar;C:\Program Files\JetBrains\IntelliJ IDEA 2023.3.6\lib\util.jar
Launcher Type: SUN_STANDARD

[Global flags]
     intx CICompilerCount                          = 12                                        {product} {ergonomic}
     uint ConcGCThreads                            = 3                                         {product} {ergonomic}
     uint G1ConcRefinementThreads                  = 13                                        {product} {ergonomic}
   size_t G1HeapRegionSize                         = 1048576                                   {product} {ergonomic}
    uintx GCDrainStackTargetSize                   = 64                                        {product} {ergonomic}
   size_t InitialHeapSize                          = 134217728                                 {product} {command line}
   size_t MarkStackSize                            = 4194304                                   {product} {ergonomic}
   size_t MaxHeapSize                              = 2147483648                                {product} {command line}
   size_t MaxNewSize                               = 1287651328                                {product} {ergonomic}
   size_t MinHeapDeltaBytes                        = 1048576                                   {product} {ergonomic}
   size_t MinHeapSize                              = 134217728                                 {product} {command line}
    uintx NonNMethodCodeHeapSize                   = 7602480                                {pd product} {ergonomic}
    uintx NonProfiledCodeHeapSize                  = 122027880                              {pd product} {ergonomic}
    uintx ProfiledCodeHeapSize                     = 122027880                              {pd product} {ergonomic}
    uintx ReservedCodeCacheSize                    = 251658240                              {pd product} {ergonomic}
     bool SegmentedCodeCache                       = true                                      {product} {ergonomic}
   size_t SoftMaxHeapSize                          = 2147483648                             {manageable} {ergonomic}
     bool UseCompressedClassPointers               = true                           {product lp64_product} {ergonomic}
     bool UseCompressedOops                        = true                           {product lp64_product} {ergonomic}
     bool UseG1GC                                  = true                                      {product} {ergonomic}
     bool UseLargePagesIndividualAllocation        = false                                  {pd product} {ergonomic}

Logging:
Log output configuration:
 #0: stdout all=warning uptime,level,tags
 #1: stderr all=off uptime,level,tags

Environment Variables:
PATH=C:\windows\system32;C:\windows;C:\windows\System32\Wbem;C:\windows\System32\WindowsPowerShell\v1.0\;C:\windows\System32\OpenSSH\;C:\Program Files (x86)\NVIDIA Corporation\PhysX\Common;C:\Program Files\NVIDIA Corporation\NVIDIA NvDLISR;C:\Users\Administrator\AppData\Local\Microsoft\WindowsApps;C:\Program Files\HP\OMEN-Broadcast\Common;C:\WINDOWS\system32;C:\WINDOWS;C:\WINDOWS\System32\Wbem;C:\WINDOWS\System32\WindowsPowerShell\v1.0\;C:\WINDOWS\System32\OpenSSH\;C:\Program Files\Git\cmd;C:\Program Files\dotnet\;C:\Program Files\MySQL\MySQL Shell 8.0\bin\;C:\Users\Aku-1\AppData\Local\Microsoft\WindowsApps;C:\Users\Aku-1\AppData\Local\Programs\Microsoft VS Code\bin;C:\Users\Aku-1\AppData\Local\GitHubDesktop\bin
USERNAME=Aku-1
OS=Windows_NT
PROCESSOR_IDENTIFIER=Intel64 Family 6 Model 186 Stepping 2, GenuineIntel
TMP=C:\Users\Aku-1\AppData\Local\Temp
TEMP=C:\Users\Aku-1\AppData\Local\Temp



Periodic native trim disabled

JNI global refs:
JNI global refs: 25, weak refs: 0

JNI global refs memory usage: 843, weak refs: 209

OOME stack traces (most recent first):
Classloader memory used:
Loader bootstrap                                                                       : 2470K
Loader com.intellij.database.remote.jdbc.impl.JdbcClassLoader$JdbcClassLoaderImpl      : 345K
Loader jdk.internal.loader.ClassLoaders$AppClassLoader                                 : 274K
Loader jdk.internal.loader.ClassLoaders$PlatformClassLoader                            : 93147B
Loader jdk.internal.reflect.DelegatingClassLoader                                      : 42844B


---------------  S Y S T E M  ---------------

OS:
 Windows 11 , 64 bit Build 22621 (10.0.22621.3374)
OS uptime: 0 days 6:17 hours
Hyper-V role detected

CPU: total 16 (initial active 16) (8 cores per cpu, 2 threads per core) family 6 model 186 stepping 2 microcode 0x4114, cx8, cmov, fxsr, ht, mmx, 3dnowpref, sse, sse2, sse3, ssse3, sse4.1, sse4.2, popcnt, lzcnt, tsc, tscinvbit, avx, avx2, aes, erms, clmul, bmi1, bmi2, adx, sha, fma, vzeroupper, clflush, clflushopt, clwb, hv
Processor Information for processor 0
  Max Mhz: 2400, Current Mhz: 1520, Mhz Limit: 2400
Processor Information for processor 1
  Max Mhz: 2400, Current Mhz: 2400, Mhz Limit: 2400
Processor Information for processor 2
  Max Mhz: 2400, Current Mhz: 2400, Mhz Limit: 2400
Processor Information for processor 3
  Max Mhz: 2400, Current Mhz: 2400, Mhz Limit: 2400
Processor Information for processor 4
  Max Mhz: 2400, Current Mhz: 2400, Mhz Limit: 2400
Processor Information for processor 5
  Max Mhz: 2400, Current Mhz: 2400, Mhz Limit: 2400
Processor Information for processor 6
  Max Mhz: 2400, Current Mhz: 1520, Mhz Limit: 2400
Processor Information for processor 7
  Max Mhz: 2400, Current Mhz: 2400, Mhz Limit: 2400
Processor Information for processor 8
  Max Mhz: 2400, Current Mhz: 2400, Mhz Limit: 2400
Processor Information for processor 9
  Max Mhz: 2400, Current Mhz: 2400, Mhz Limit: 2400
Processor Information for processor 10
  Max Mhz: 2400, Current Mhz: 1520, Mhz Limit: 2400
Processor Information for processor 11
  Max Mhz: 2400, Current Mhz: 2400, Mhz Limit: 2400
Processor Information for processor 12
  Max Mhz: 2400, Current Mhz: 1500, Mhz Limit: 1800
Processor Information for processor 13
  Max Mhz: 2400, Current Mhz: 1800, Mhz Limit: 1800
Processor Information for processor 14
  Max Mhz: 2400, Current Mhz: 1800, Mhz Limit: 1800
Processor Information for processor 15
  Max Mhz: 2400, Current Mhz: 1800, Mhz Limit: 1800

Memory: 4k page, system-wide physical 16077M (3335M free)
TotalPageFile size 33485M (AvailPageFile size 14524M)
current process WorkingSet (physical memory assigned to process): 109M, peak: 144M
current process commit charge ("private bytes"): 251M, peak: 278M

vm_info: OpenJDK 64-Bit Server VM (17.0.10+8-b1207.12) for windows-amd64 JRE (17.0.10+8-b1207.12), built on 2024-03-15 by "builduser" with MS VC++ 16.10 / 16.11 (VS2019)

END.
